Arguments: 
  /usr/local/bin/node /usr/share/yarn/bin/yarn.js start-dev

PATH: 
  /usr/local/sbin:/usr/local/bin:/usr/sbin:/usr/bin:/sbin:/bin:/usr/games:/usr/local/games:/snap/bin:/usr/local/go/bin:/home/ricardo/go/bin:/home/ricardo/go/bin

Yarn version: 
  1.5.1

Node version: 
  8.9.0

Platform: 
  linux x64

npm manifest: 
  {
    "private": true,
    "workspaces": [
      "packages/*"
    ],
    "scripts": {
      "build": "cd packages/react-scripts && node bin/react-scripts.js build",
      "changelog": "lerna-changelog",
      "create-react-app": "node tasks/cra.js",
      "e2e": "tasks/e2e-simple.sh",
      "e2e:docker": "tasks/local-test.sh",
      "postinstall": "cd packages/react-error-overlay/ && yarn build:prod",
      "publish": "tasks/publish.sh",
      "start": "cd packages/react-scripts && node bin/react-scripts.js start",
      "screencast": "node ./tasks/screencast.js",
      "screencast:error": "svg-term --cast jyu19xGl88FQ3poMY8Hbmfw8y --out screencast-error.svg --window --at 12000 --no-cursor",
      "test": "cd packages/react-scripts && node bin/react-scripts.js test --env=jsdom",
      "format": "prettier --trailing-comma es5 --single-quote --write 'packages/*/*.js' 'packages/*/!(node_modules)/**/*.js'",
      "precommit": "lint-staged"
    },
    "devDependencies": {
      "eslint": "4.15.0",
      "execa": "^0.9.0",
      "husky": "^0.13.2",
      "lerna": "2.6.0",
      "lerna-changelog": "^0.6.0",
      "lint-staged": "^3.3.1",
      "meow": "^4.0.0",
      "multimatch": "^2.1.0",
      "prettier": "1.6.1",
      "svg-term-cli": "^2.0.3",
      "tempy": "^0.2.1"
    },
    "lint-staged": {
      "*.js": [
        "prettier --trailing-comma es5 --single-quote --write",
        "git add"
      ],
      "yarn.lock": [
        "git rm --cached"
      ]
    }
  }

yarn manifest: 
  No manifest

Lockfile: 
  No lockfile

Trace: 
  Error: Command "start-dev" not found.
      at new MessageError (/usr/share/yarn/lib/cli.js:186:110)
      at /usr/share/yarn/lib/cli.js:87307:17
      at Generator.next (<anonymous>)
      at step (/usr/share/yarn/lib/cli.js:98:30)
      at /usr/share/yarn/lib/cli.js:116:14
      at new Promise (<anonymous>)
      at new F (/usr/share/yarn/lib/cli.js:23451:28)
      at /usr/share/yarn/lib/cli.js:95:12
      at runCommand (/usr/share/yarn/lib/cli.js:87312:22)
      at Object.<anonymous> (/usr/share/yarn/lib/cli.js:87412:14)
